<?xml version="1.0" encoding="UTF-8"?>
<!-- Generated by org.testng.reporters.JUnitXMLReporter -->
<testsuite hostname="USER-20160309JQ" ignored="0" name="Test" tests="1" failures="1" timestamp="26 六月 2018 19:05:03 GMT" time="45.0" errors="0">
  <testcase name="f" time="12.761" classname="com.ys.appSpringBoot.NewTest">
    <failure type="java.lang.AssertionError" message="expected [true] but found [false]">
      <![CDATA[java.lang.AssertionError: expected [true] but found [false]
at com.ys.appSpringBoot.NewTest.f(NewTest.java:70)
... Removed 35 stack frames]]>
    </failure>
  </testcase> <!-- f -->
</testsuite> <!-- Test -->
