<?xml version="1.0" encoding="UTF-8" ?>
<testsuite tests="1" failures="1" name="TestSuite" time="45.79" errors="0" skipped="0">
  <properties>
[...]
</properties>
  <testcase name="f" time="12.763">
    <failure message="expected [true] but found [false]" type="java.lang.AssertionError">java.lang.AssertionError: expected [true] but found [false]
	at org.testng.Assert.fail(Assert.java:96)
	at org.testng.Assert.failNotEquals(Assert.java:776)
	at org.testng.Assert.assertTrue(Assert.java:44)
	at org.testng.Assert.assertTrue(Assert.java:54)
	at com.ys.appSpringBoot.NewTest.f(NewTest.java:70)
</failure>
    <system-out>{&quot;NO&quot;:&quot;1&quot;,&quot;Description&quot;:&quot;登录&quot;,&quot;Expect&quot;:&quot;登陆成功&quot;,&quot;TCNO&quot;:&quot;XXX场景&quot;,&quot;Parameter&quot;:&quot;username:18234837159,pwd:123123qq&quot;,&quot;Process&quot;:&quot;LoginProcess&quot;,&quot;Step&quot;:&quot;1&quot;}
获得的用户：18234837159，密码：123123qq
2018-06-27 03:04:51,334 [main] INFO com.ys.appSpringBoot.transaction.LoginProcess - 进入登录流程
2018-06-27 03:04:55,167 [main] INFO com.ys.appSpringBoot.pagesAction.KeyboardPageAction - 屏幕宽是：360
2018-06-27 03:04:55,168 [main] INFO com.ys.appSpringBoot.pagesAction.KeyboardPageAction - 屏幕高是：615
2018-06-27 03:04:56,047 [main] INFO com.ys.appSpringBoot.pagesAction.KeyboardPageAction - 转换前：元素坐标：18,201,324,324
滑动完毕
2018-06-27 03:05:01,359 [main] INFO com.ys.appSpringBoot.transaction.LoginProcess - 登录失败
</system-out>
  </testcase>
</testsuite>