<?xml version="1.0" encoding="UTF-8"?>
<testng-results skipped="0" failed="0" ignored="0" total="2" passed="2">
  <reporter-output>
  </reporter-output>
  <suite name="Suite" duration-ms="41" started-at="2018-06-26T04:49:47Z" finished-at="2018-06-26T04:49:47Z">
    <groups>
    </groups>
    <test name="Test" duration-ms="41" started-at="2018-06-26T04:49:47Z" finished-at="2018-06-26T04:49:47Z">
      <class name="com.ys.bbb.NewTest">
        <test-method status="PASS" signature="beforeClass()[pri:0, instance:com.ys.bbb.NewTest@71f2a7d5]" name="beforeClass" is-config="true" duration-ms="8" started-at="2018-06-26T12:49:47Z" finished-at="2018-06-26T12:49:47Z">
          <reporter-output>
          </reporter-output>
        </test-method> <!-- beforeClass -->
        <test-method status="PASS" signature="f(java.lang.Integer, java.lang.String)[pri:0, instance:com.ys.bbb.NewTest@71f2a7d5]" name="f" duration-ms="1" started-at="2018-06-26T12:49:47Z" data-provider="dp" finished-at="2018-06-26T12:49:47Z">
          <params>
            <param index="0">
              <value>
                <![CDATA[1]]>
              </value>
            </param>
            <param index="1">
              <value>
                <![CDATA[gggggggggggggg]]>
              </value>
            </param>
          </params>
          <reporter-output>
          </reporter-output>
        </test-method> <!-- f -->
        <test-method status="PASS" signature="f(java.lang.Integer, java.lang.String)[pri:0, instance:com.ys.bbb.NewTest@71f2a7d5]" name="f" duration-ms="1" started-at="2018-06-26T12:49:47Z" data-provider="dp" finished-at="2018-06-26T12:49:47Z">
          <params>
            <param index="0">
              <value>
                <![CDATA[2]]>
              </value>
            </param>
            <param index="1">
              <value>
                <![CDATA[hhhhhhhhhhhhh]]>
              </value>
            </param>
          </params>
          <reporter-output>
          </reporter-output>
        </test-method> <!-- f -->
        <test-method status="PASS" signature="afterClass()[pri:0, instance:com.ys.bbb.NewTest@71f2a7d5]" name="afterClass" is-config="true" duration-ms="0" started-at="2018-06-26T12:49:47Z" finished-at="2018-06-26T12:49:47Z">
          <reporter-output>
          </reporter-output>
        </test-method> <!-- afterClass -->
      </class> <!-- com.ys.bbb.NewTest -->
    </test> <!-- Test -->
  </suite> <!-- Suite -->
</testng-results>
